{"timestamp": "2025-11-06T18:05:00.303142+00:00", "level": "INFO", "message": "Connecting to IMAP server", "context": {"host": "imap.mail.me.com", "user": "sj.gibson@mac.com"}}
{"timestamp": "2025-11-06T18:05:01.648183+00:00", "level": "INFO", "message": "cache_folder_start", "context": {"folder": "Recipets/Udemy"}}
{"timestamp": "2025-11-06T18:05:01.988783+00:00", "level": "INFO", "message": "cache_folder_empty", "context": {"folder": "Recipets/Udemy"}}
{"timestamp": "2025-11-06T18:05:01.993344+00:00", "level": "INFO", "message": "cache_folder_start", "context": {"folder": "Newsletters/Darts Farm"}}
{"timestamp": "2025-11-06T18:05:02.331297+00:00", "level": "INFO", "message": "cache_folder_empty", "context": {"folder": "Newsletters/Darts Farm"}}
{"timestamp": "2025-11-06T18:05:02.335367+00:00", "level": "INFO", "message": "cache_folder_start", "context": {"folder": "Notifications/AWD"}}
{"timestamp": "2025-11-06T18:05:02.665488+00:00", "level": "INFO", "message": "cache_folder_empty", "context": {"folder": "Notifications/AWD"}}
{"timestamp": "2025-11-06T18:05:02.669657+00:00", "level": "INFO", "message": "cache_folder_start", "context": {"folder": "21 Cleveland Street/Projects/Kitchen"}}
{"timestamp": "2025-11-06T18:05:02.990807+00:00", "level": "INFO", "message": "cache_folder_empty", "context": {"folder": "21 Cleveland Street/Projects/Kitchen"}}
{"timestamp": "2025-11-06T18:05:02.994649+00:00", "level": "INFO", "message": "cache_folder_start", "context": {"folder": "Test/Sandbox"}}
{"timestamp": "2025-11-06T18:05:03.385414+00:00", "level": "INFO", "message": "cache_folder_empty", "context": {"folder": "Test/Sandbox"}}
{"timestamp": "2025-11-06T18:05:03.389043+00:00", "level": "INFO", "message": "cache_folder_start", "context": {"folder": "21 Cleveland Street/Renovations/MyBuilder.com"}}
{"timestamp": "2025-11-06T18:05:03.816756+00:00", "level": "INFO", "message": "cache_folder_empty", "context": {"folder": "21 Cleveland Street/Renovations/MyBuilder.com"}}
{"timestamp": "2025-11-06T18:05:03.820719+00:00", "level": "INFO", "message": "cache_folder_start", "context": {"folder": "Recipets/Ebuyer"}}
{"timestamp": "2025-11-06T18:05:04.168818+00:00", "level": "INFO", "message": "cache_folder_empty", "context": {"folder": "Recipets/Ebuyer"}}
{"timestamp": "2025-11-06T18:05:04.172936+00:00", "level": "INFO", "message": "cache_folder_start", "context": {"folder": "Newsletters/Create and Cultivate"}}
{"timestamp": "2025-11-06T18:05:04.556695+00:00", "level": "INFO", "message": "cache_folder_empty", "context": {"folder": "Newsletters/Create and Cultivate"}}
{"timestamp": "2025-11-06T18:05:04.560914+00:00", "level": "INFO", "message": "cache_folder_start", "context": {"folder": "Fitness/Aaron PT"}}
{"timestamp": "2025-11-06T18:05:04.890304+00:00", "level": "INFO", "message": "cache_folder_empty", "context": {"folder": "Fitness/Aaron PT"}}
{"timestamp": "2025-11-06T18:05:04.894575+00:00", "level": "INFO", "message": "cache_folder_start", "context": {"folder": "Newsletters/INOV8"}}
{"timestamp": "2025-11-06T18:05:05.212379+00:00", "level": "INFO", "message": "cache_folder_empty", "context": {"folder": "Newsletters/INOV8"}}
{"timestamp": "2025-11-06T18:05:05.216461+00:00", "level": "INFO", "message": "cache_folder_start", "context": {"folder": "Newsletters/Crew Clothing"}}
{"timestamp": "2025-11-06T18:05:05.583960+00:00", "level": "INFO", "message": "cache_folder_empty", "context": {"folder": "Newsletters/Crew Clothing"}}
{"timestamp": "2025-11-06T18:05:05.588005+00:00", "level": "INFO", "message": "cache_folder_start", "context": {"folder": "Recipets/Okdo"}}
{"timestamp": "2025-11-06T18:05:05.908164+00:00", "level": "INFO", "message": "cache_folder_empty", "context": {"folder": "Recipets/Okdo"}}
{"timestamp": "2025-11-06T18:05:05.912513+00:00", "level": "INFO", "message": "cache_folder_start", "context": {"folder": "Personal/Health/Bear's Massage"}}
{"timestamp": "2025-11-06T18:05:06.223985+00:00", "level": "INFO", "message": "cache_folder_empty", "context": {"folder": "Personal/Health/Bear's Massage"}}
{"timestamp": "2025-11-06T18:05:06.228188+00:00", "level": "INFO", "message": "cache_folder_start", "context": {"folder": "Recipets/Amazon"}}
{"timestamp": "2025-11-06T18:05:06.540319+00:00", "level": "INFO", "message": "cache_folder_empty", "context": {"folder": "Recipets/Amazon"}}
{"timestamp": "2025-11-06T18:05:06.544684+00:00", "level": "INFO", "message": "cache_folder_start", "context": {"folder": "Newsletters/Disney+"}}
{"timestamp": "2025-11-06T18:05:06.859596+00:00", "level": "INFO", "message": "cache_folder_empty", "context": {"folder": "Newsletters/Disney+"}}
{"timestamp": "2025-11-06T18:05:06.863667+00:00", "level": "INFO", "message": "cache_folder_start", "context": {"folder": "Newsletters/Instantprint"}}
{"timestamp": "2025-11-06T18:05:07.182204+00:00", "level": "INFO", "message": "cache_folder_empty", "context": {"folder": "Newsletters/Instantprint"}}
{"timestamp": "2025-11-06T18:05:07.185898+00:00", "level": "INFO", "message": "cache_folder_start", "context": {"folder": "Newsletters/Virgin/Virgin Media"}}
{"timestamp": "2025-11-06T18:05:07.523276+00:00", "level": "INFO", "message": "cache_folder_empty", "context": {"folder": "Newsletters/Virgin/Virgin Media"}}
{"timestamp": "2025-11-06T18:05:07.527626+00:00", "level": "INFO", "message": "cache_folder_start", "context": {"folder": "Travel/Travel Agents"}}
{"timestamp": "2025-11-06T18:05:07.847769+00:00", "level": "INFO", "message": "cache_folder_empty", "context": {"folder": "Travel/Travel Agents"}}
{"timestamp": "2025-11-06T18:05:07.851823+00:00", "level": "INFO", "message": "cache_folder_start", "context": {"folder": "Newsletters/Blithfield SC"}}
{"timestamp": "2025-11-06T18:05:08.181783+00:00", "level": "INFO", "message": "cache_folder_empty", "context": {"folder": "Newsletters/Blithfield SC"}}
{"timestamp": "2025-11-06T18:05:08.188185+00:00", "level": "INFO", "message": "cache_folder_start", "context": {"folder": "Newsletters/Greggs"}}
{"timestamp": "2025-11-06T18:05:08.517540+00:00", "level": "INFO", "message": "cache_folder_empty", "context": {"folder": "Newsletters/Greggs"}}
{"timestamp": "2025-11-06T18:05:08.521726+00:00", "level": "INFO", "message": "cache_folder_start", "context": {"folder": "Newsletters/Curve"}}
{"timestamp": "2025-11-06T18:05:08.862702+00:00", "level": "INFO", "message": "cache_folder_empty", "context": {"folder": "Newsletters/Curve"}}
{"timestamp": "2025-11-06T18:05:08.867044+00:00", "level": "INFO", "message": "cache_folder_start", "context": {"folder": "Newsletters/Boston Tea Party"}}
{"timestamp": "2025-11-06T18:05:09.215376+00:00", "level": "INFO", "message": "cache_folder_empty", "context": {"folder": "Newsletters/Boston Tea Party"}}
{"timestamp": "2025-11-06T18:05:09.219592+00:00", "level": "INFO", "message": "cache_folder_start", "context": {"folder": "Personal/Finance/Credit Rating/ClearScore"}}
{"timestamp": "2025-11-06T18:05:09.553825+00:00", "level": "INFO", "message": "cache_folder_empty", "context": {"folder": "Personal/Finance/Credit Rating/ClearScore"}}
{"timestamp": "2025-11-06T18:05:09.557750+00:00", "level": "INFO", "message": "cache_folder_start", "context": {"folder": "Newsletters/Find What Feels Good"}}
{"timestamp": "2025-11-06T18:05:09.916727+00:00", "level": "INFO", "message": "cache_folder_empty", "context": {"folder": "Newsletters/Find What Feels Good"}}
{"timestamp": "2025-11-06T18:05:09.920856+00:00", "level": "INFO", "message": "cache_folder_start", "context": {"folder": "Notifications/HelloFresh"}}
{"timestamp": "2025-11-06T18:05:10.265570+00:00", "level": "INFO", "message": "cache_folder_empty", "context": {"folder": "Notifications/HelloFresh"}}
{"timestamp": "2025-11-06T18:05:10.283300+00:00", "level": "INFO", "message": "cache_folder_start", "context": {"folder": "Memberships/British Cycling"}}
{"timestamp": "2025-11-06T18:05:10.600577+00:00", "level": "INFO", "message": "cache_folder_empty", "context": {"folder": "Memberships/British Cycling"}}
{"timestamp": "2025-11-06T18:05:10.604885+00:00", "level": "INFO", "message": "cache_folder_start", "context": {"folder": "Server/Domains/123 Reg"}}
{"timestamp": "2025-11-06T18:05:10.936176+00:00", "level": "INFO", "message": "cache_folder_empty", "context": {"folder": "Server/Domains/123 Reg"}}
{"timestamp": "2025-11-06T18:05:10.940465+00:00", "level": "INFO", "message": "cache_folder_start", "context": {"folder": "Newsletters/Fastmail"}}
{"timestamp": "2025-11-06T18:05:11.257720+00:00", "level": "INFO", "message": "cache_folder_empty", "context": {"folder": "Newsletters/Fastmail"}}
{"timestamp": "2025-11-06T18:05:11.261973+00:00", "level": "INFO", "message": "cache_folder_start", "context": {"folder": "Jobs"}}
{"timestamp": "2025-11-06T18:05:11.595526+00:00", "level": "INFO", "message": "cache_folder_empty", "context": {"folder": "Jobs"}}
{"timestamp": "2025-11-06T18:05:11.599816+00:00", "level": "INFO", "message": "cache_folder_start", "context": {"folder": "Newsletters/Evernote"}}
{"timestamp": "2025-11-06T18:05:11.916809+00:00", "level": "INFO", "message": "cache_folder_empty", "context": {"folder": "Newsletters/Evernote"}}
{"timestamp": "2025-11-06T18:05:11.921041+00:00", "level": "INFO", "message": "cache_folder_start", "context": {"folder": "Personal/Banking/Barclays"}}
{"timestamp": "2025-11-06T18:05:12.354733+00:00", "level": "INFO", "message": "cache_folder_empty", "context": {"folder": "Personal/Banking/Barclays"}}
{"timestamp": "2025-11-06T18:05:12.359082+00:00", "level": "INFO", "message": "cache_folder_start", "context": {"folder": "Newsletters/Card Factory"}}
{"timestamp": "2025-11-06T18:05:13.149942+00:00", "level": "INFO", "message": "cache_folder_empty", "context": {"folder": "Newsletters/Card Factory"}}
{"timestamp": "2025-11-06T18:05:13.154237+00:00", "level": "INFO", "message": "cache_folder_start", "context": {"folder": "Memberships/UoE Alumni"}}
{"timestamp": "2025-11-06T18:05:13.645840+00:00", "level": "INFO", "message": "cache_folder_empty", "context": {"folder": "Memberships/UoE Alumni"}}
{"timestamp": "2025-11-06T18:05:13.650080+00:00", "level": "INFO", "message": "cache_folder_start", "context": {"folder": "Newsletters/FitTrack"}}
{"timestamp": "2025-11-06T18:05:13.991847+00:00", "level": "INFO", "message": "cache_folder_empty", "context": {"folder": "Newsletters/FitTrack"}}
{"timestamp": "2025-11-06T18:05:13.996115+00:00", "level": "INFO", "message": "cache_folder_start", "context": {"folder": "Notifications/Vinted"}}
{"timestamp": "2025-11-06T18:05:14.339896+00:00", "level": "INFO", "message": "cache_folder_empty", "context": {"folder": "Notifications/Vinted"}}
{"timestamp": "2025-11-06T18:05:14.343852+00:00", "level": "INFO", "message": "cache_folder_start", "context": {"folder": "Newsletters/Clubhouse Golf"}}
{"timestamp": "2025-11-06T18:05:14.659628+00:00", "level": "INFO", "message": "cache_folder_empty", "context": {"folder": "Newsletters/Clubhouse Golf"}}
{"timestamp": "2025-11-06T18:05:14.663562+00:00", "level": "INFO", "message": "cache_folder_start", "context": {"folder": "Newsletters/Woodworkers Guild"}}
{"timestamp": "2025-11-06T18:05:14.994926+00:00", "level": "INFO", "message": "cache_folder_empty", "context": {"folder": "Newsletters/Woodworkers Guild"}}
{"timestamp": "2025-11-06T18:05:14.999812+00:00", "level": "INFO", "message": "cache_folder_start", "context": {"folder": "Newsletters/Chopstix"}}
{"timestamp": "2025-11-06T18:05:15.318512+00:00", "level": "INFO", "message": "cache_folder_empty", "context": {"folder": "Newsletters/Chopstix"}}
{"timestamp": "2025-11-06T18:05:15.322579+00:00", "level": "INFO", "message": "cache_folder_start", "context": {"folder": "Travel/Travel Agents/Loveholidays"}}
{"timestamp": "2025-11-06T18:05:15.648595+00:00", "level": "INFO", "message": "cache_folder_empty", "context": {"folder": "Travel/Travel Agents/Loveholidays"}}
{"timestamp": "2025-11-06T18:05:15.652545+00:00", "level": "INFO", "message": "cache_folder_start", "context": {"folder": "Newsletters/V12"}}
{"timestamp": "2025-11-06T18:05:15.967697+00:00", "level": "INFO", "message": "cache_folder_empty", "context": {"folder": "Newsletters/V12"}}
{"timestamp": "2025-11-06T18:05:15.972100+00:00", "level": "INFO", "message": "cache_folder_start", "context": {"folder": "Travel/Acomodation/AirBnB"}}
{"timestamp": "2025-11-06T18:05:16.364399+00:00", "level": "INFO", "message": "cache_folder_empty", "context": {"folder": "Travel/Acomodation/AirBnB"}}
{"timestamp": "2025-11-06T18:05:16.368464+00:00", "level": "INFO", "message": "cache_folder_start", "context": {"folder": "Newsletters/Ubiquity"}}
{"timestamp": "2025-11-06T18:05:16.701924+00:00", "level": "INFO", "message": "cache_folder_empty", "context": {"folder": "Newsletters/Ubiquity"}}
{"timestamp": "2025-11-06T18:05:16.706196+00:00", "level": "INFO", "message": "cache_folder_start", "context": {"folder": "21 Cleveland Street/Renovations"}}
{"timestamp": "2025-11-06T18:05:17.045521+00:00", "level": "INFO", "message": "cache_folder_empty", "context": {"folder": "21 Cleveland Street/Renovations"}}
{"timestamp": "2025-11-06T18:05:17.049735+00:00", "level": "INFO", "message": "cache_folder_start", "context": {"folder": "Travel/Travel Agents/Expedia"}}
{"timestamp": "2025-11-06T18:05:17.378955+00:00", "level": "INFO", "message": "cache_folder_empty", "context": {"folder": "Travel/Travel Agents/Expedia"}}
{"timestamp": "2025-11-06T18:05:17.383240+00:00", "level": "INFO", "message": "cache_folder_start", "context": {"folder": "Newsletters/Affordable Mobiles"}}
{"timestamp": "2025-11-06T18:05:17.823467+00:00", "level": "INFO", "message": "cache_folder_empty", "context": {"folder": "Newsletters/Affordable Mobiles"}}
{"timestamp": "2025-11-06T18:05:17.827586+00:00", "level": "INFO", "message": "cache_folder_start", "context": {"folder": "Travel/Ground Transport/Freenow"}}
{"timestamp": "2025-11-06T18:05:18.145838+00:00", "level": "INFO", "message": "cache_folder_empty", "context": {"folder": "Travel/Ground Transport/Freenow"}}
{"timestamp": "2025-11-06T18:05:18.149934+00:00", "level": "INFO", "message": "cache_folder_start", "context": {"folder": "Recipets/Sainsburys"}}
{"timestamp": "2025-11-06T18:05:18.536221+00:00", "level": "INFO", "message": "cache_folder_empty", "context": {"folder": "Recipets/Sainsburys"}}
{"timestamp": "2025-11-06T18:05:18.540229+00:00", "level": "INFO", "message": "cache_folder_start", "context": {"folder": "Newsletters/AEG"}}
{"timestamp": "2025-11-06T18:05:18.855161+00:00", "level": "INFO", "message": "cache_folder_empty", "context": {"folder": "Newsletters/AEG"}}
{"timestamp": "2025-11-06T18:05:18.859400+00:00", "level": "INFO", "message": "cache_folder_start", "context": {"folder": "Recipets/Apple"}}
{"timestamp": "2025-11-06T18:05:19.222829+00:00", "level": "INFO", "message": "cache_folder_empty", "context": {"folder": "Recipets/Apple"}}
{"timestamp": "2025-11-06T18:05:19.227001+00:00", "level": "INFO", "message": "cache_folder_start", "context": {"folder": "Personal/Finance/Credit Rating/Money Supermarket"}}
{"timestamp": "2025-11-06T18:05:19.715975+00:00", "level": "INFO", "message": "cache_folder_empty", "context": {"folder": "Personal/Finance/Credit Rating/Money Supermarket"}}
{"timestamp": "2025-11-06T18:05:19.720097+00:00", "level": "INFO", "message": "cache_folder_start", "context": {"folder": "Newsletters/HBR"}}
{"timestamp": "2025-11-06T18:05:20.113740+00:00", "level": "INFO", "message": "cache_folder_empty", "context": {"folder": "Newsletters/HBR"}}
{"timestamp": "2025-11-06T18:05:20.118003+00:00", "level": "INFO", "message": "cache_folder_start", "context": {"folder": "Personal/Banking/Skipton"}}
{"timestamp": "2025-11-06T18:05:20.432926+00:00", "level": "INFO", "message": "cache_folder_empty", "context": {"folder": "Personal/Banking/Skipton"}}
{"timestamp": "2025-11-06T18:05:20.437222+00:00", "level": "INFO", "message": "cache_folder_start", "context": {"folder": "Newsletters/Komooot"}}
{"timestamp": "2025-11-06T18:05:20.807971+00:00", "level": "INFO", "message": "cache_folder_empty", "context": {"folder": "Newsletters/Komooot"}}
{"timestamp": "2025-11-06T18:05:20.813349+00:00", "level": "INFO", "message": "cache_folder_start", "context": {"folder": "Newsletters/Aerofit"}}
{"timestamp": "2025-11-06T18:05:21.125334+00:00", "level": "INFO", "message": "cache_folder_empty", "context": {"folder": "Newsletters/Aerofit"}}
{"timestamp": "2025-11-06T18:05:21.129279+00:00", "level": "INFO", "message": "cache_folder_start", "context": {"folder": "Newsletters/Slendertone"}}
{"timestamp": "2025-11-06T18:05:21.443781+00:00", "level": "INFO", "message": "cache_folder_empty", "context": {"folder": "Newsletters/Slendertone"}}
{"timestamp": "2025-11-06T18:05:21.447710+00:00", "level": "INFO", "message": "cache_folder_start", "context": {"folder": "Newsletters/Co-Op"}}
{"timestamp": "2025-11-06T18:05:21.824547+00:00", "level": "INFO", "message": "cache_folder_empty", "context": {"folder": "Newsletters/Co-Op"}}
{"timestamp": "2025-11-06T18:05:21.828869+00:00", "level": "INFO", "message": "cache_folder_start", "context": {"folder": "21 Cleveland Street/Projects/Security"}}
{"timestamp": "2025-11-06T18:05:22.346219+00:00", "level": "INFO", "message": "cache_folder_empty", "context": {"folder": "21 Cleveland Street/Projects/Security"}}
{"timestamp": "2025-11-06T18:05:22.353336+00:00", "level": "INFO", "message": "cache_folder_start", "context": {"folder": "Newsletters/Naked Wines"}}
{"timestamp": "2025-11-06T18:05:22.665164+00:00", "level": "INFO", "message": "cache_folder_empty", "context": {"folder": "Newsletters/Naked Wines"}}
{"timestamp": "2025-11-06T18:05:22.669149+00:00", "level": "INFO", "message": "cache_folder_start", "context": {"folder": "Newsletters/Waitrose"}}
{"timestamp": "2025-11-06T18:05:22.991010+00:00", "level": "INFO", "message": "cache_folder_empty", "context": {"folder": "Newsletters/Waitrose"}}
{"timestamp": "2025-11-06T18:05:22.994993+00:00", "level": "INFO", "message": "cache_folder_start", "context": {"folder": "Travel/Ground Transport/Hampton Jitney"}}
{"timestamp": "2025-11-06T18:05:23.442120+00:00", "level": "INFO", "message": "cache_folder_empty", "context": {"folder": "Travel/Ground Transport/Hampton Jitney"}}
{"timestamp": "2025-11-06T18:05:23.446375+00:00", "level": "INFO", "message": "cache_folder_start", "context": {"folder": "Travel/Ground Transport/Hampton Luxary Liner"}}
{"timestamp": "2025-11-06T18:05:23.810780+00:00", "level": "INFO", "message": "cache_folder_empty", "context": {"folder": "Travel/Ground Transport/Hampton Luxary Liner"}}
{"timestamp": "2025-11-06T18:05:23.815344+00:00", "level": "INFO", "message": "cache_folder_start", "context": {"folder": "Fitness/Ben Winn"}}
{"timestamp": "2025-11-06T18:05:24.129150+00:00", "level": "INFO", "message": "cache_folder_empty", "context": {"folder": "Fitness/Ben Winn"}}
{"timestamp": "2025-11-06T18:05:24.133004+00:00", "level": "INFO", "message": "cache_folder_start", "context": {"folder": "Notifications/Autocab"}}
{"timestamp": "2025-11-06T18:05:24.458320+00:00", "level": "INFO", "message": "cache_folder_empty", "context": {"folder": "Notifications/Autocab"}}
{"timestamp": "2025-11-06T18:05:24.462262+00:00", "level": "INFO", "message": "cache_folder_start", "context": {"folder": "Memberships/CIM"}}
{"timestamp": "2025-11-06T18:05:24.804544+00:00", "level": "INFO", "message": "cache_folder_empty", "context": {"folder": "Memberships/CIM"}}
{"timestamp": "2025-11-06T18:05:24.809620+00:00", "level": "INFO", "message": "cache_folder_start", "context": {"folder": "Newsletters/Virgin/Virgin Trains Tickets"}}
{"timestamp": "2025-11-06T18:05:25.122871+00:00", "level": "INFO", "message": "cache_folder_empty", "context": {"folder": "Newsletters/Virgin/Virgin Trains Tickets"}}
{"timestamp": "2025-11-06T18:05:25.127016+00:00", "level": "INFO", "message": "cache_folder_start", "context": {"folder": "Newsletters/Consol.eu"}}
{"timestamp": "2025-11-06T18:05:25.448516+00:00", "level": "INFO", "message": "cache_folder_empty", "context": {"folder": "Newsletters/Consol.eu"}}
{"timestamp": "2025-11-06T18:05:25.452692+00:00", "level": "INFO", "message": "cache_folder_start", "context": {"folder": "Newsletters/Mind the Product"}}
{"timestamp": "2025-11-06T18:05:25.775660+00:00", "level": "INFO", "message": "cache_folder_empty", "context": {"folder": "Newsletters/Mind the Product"}}
{"timestamp": "2025-11-06T18:05:25.779890+00:00", "level": "INFO", "message": "cache_folder_start", "context": {"folder": "Newsletters/Evening Standard"}}
{"timestamp": "2025-11-06T18:05:26.104335+00:00", "level": "INFO", "message": "cache_folder_empty", "context": {"folder": "Newsletters/Evening Standard"}}
{"timestamp": "2025-11-06T18:05:26.109169+00:00", "level": "INFO", "message": "cache_folder_start", "context": {"folder": "Newsletters/Youngs Pubs"}}
{"timestamp": "2025-11-06T18:05:26.448323+00:00", "level": "INFO", "message": "cache_folder_empty", "context": {"folder": "Newsletters/Youngs Pubs"}}
{"timestamp": "2025-11-06T18:05:26.452284+00:00", "level": "INFO", "message": "cache_folder_start", "context": {"folder": "Travel/Travel Agents/Easyjet Holidays"}}
{"timestamp": "2025-11-06T18:05:26.772321+00:00", "level": "INFO", "message": "cache_folder_empty", "context": {"folder": "Travel/Travel Agents/Easyjet Holidays"}}
{"timestamp": "2025-11-06T18:05:26.777824+00:00", "level": "INFO", "message": "cache_folder_start", "context": {"folder": "Notifications/ao.com"}}
{"timestamp": "2025-11-06T18:05:27.120699+00:00", "level": "INFO", "message": "cache_folder_empty", "context": {"folder": "Notifications/ao.com"}}
{"timestamp": "2025-11-06T18:05:27.124678+00:00", "level": "INFO", "message": "cache_folder_start", "context": {"folder": "Recipets/consol.eu"}}
{"timestamp": "2025-11-06T18:05:27.440662+00:00", "level": "INFO", "message": "cache_folder_empty", "context": {"folder": "Recipets/consol.eu"}}
{"timestamp": "2025-11-06T18:05:27.444839+00:00", "level": "INFO", "message": "cache_folder_start", "context": {"folder": "Newsletters/Flightaware"}}
{"timestamp": "2025-11-06T18:05:27.811565+00:00", "level": "INFO", "message": "cache_folder_empty", "context": {"folder": "Newsletters/Flightaware"}}
{"timestamp": "2025-11-06T18:05:27.815858+00:00", "level": "INFO", "message": "cache_folder_start", "context": {"folder": "Personal/Health/Simply Health"}}
{"timestamp": "2025-11-06T18:05:28.137637+00:00", "level": "INFO", "message": "cache_folder_empty", "context": {"folder": "Personal/Health/Simply Health"}}
{"timestamp": "2025-11-06T18:05:28.141964+00:00", "level": "INFO", "message": "cache_folder_start", "context": {"folder": "Personal/Health/Silvercloud"}}
{"timestamp": "2025-11-06T18:05:28.467958+00:00", "level": "INFO", "message": "cache_folder_empty", "context": {"folder": "Personal/Health/Silvercloud"}}
{"timestamp": "2025-11-06T18:05:28.472002+00:00", "level": "INFO", "message": "cache_folder_start", "context": {"folder": "Newsletters/Jet2"}}
{"timestamp": "2025-11-06T18:05:28.862740+00:00", "level": "INFO", "message": "cache_folder_empty", "context": {"folder": "Newsletters/Jet2"}}
{"timestamp": "2025-11-06T18:05:28.866788+00:00", "level": "INFO", "message": "cache_folder_start", "context": {"folder": "Property/Rental/4 St Edmonds Court"}}
{"timestamp": "2025-11-06T18:05:29.359515+00:00", "level": "INFO", "message": "cache_folder_empty", "context": {"folder": "Property/Rental/4 St Edmonds Court"}}
{"timestamp": "2025-11-06T18:05:29.363567+00:00", "level": "INFO", "message": "cache_folder_start", "context": {"folder": "Subscriptions/Whoop"}}
{"timestamp": "2025-11-06T18:05:29.702966+00:00", "level": "INFO", "message": "cache_folder_empty", "context": {"folder": "Subscriptions/Whoop"}}
{"timestamp": "2025-11-06T18:05:29.707419+00:00", "level": "INFO", "message": "cache_folder_start", "context": {"folder": "Newsletters/16 Personalities"}}
{"timestamp": "2025-11-06T18:05:30.029483+00:00", "level": "INFO", "message": "cache_folder_empty", "context": {"folder": "Newsletters/16 Personalities"}}
{"timestamp": "2025-11-06T18:05:30.033770+00:00", "level": "INFO", "message": "cache_folder_start", "context": {"folder": "Personal/Finance/Credit Cards/Barclaycard/Barclaycard Cashback Rewards"}}
{"timestamp": "2025-11-06T18:05:30.432980+00:00", "level": "INFO", "message": "cache_folder_empty", "context": {"folder": "Personal/Finance/Credit Cards/Barclaycard/Barclaycard Cashback Rewards"}}
{"timestamp": "2025-11-06T18:05:30.437085+00:00", "level": "INFO", "message": "cache_folder_start", "context": {"folder": "Newsletters/Copycat Fragrances"}}
{"timestamp": "2025-11-06T18:05:30.761377+00:00", "level": "INFO", "message": "cache_folder_empty", "context": {"folder": "Newsletters/Copycat Fragrances"}}
{"timestamp": "2025-11-06T18:05:30.765660+00:00", "level": "INFO", "message": "cache_folder_start", "context": {"folder": "Travel/Flights/Air Asia"}}
{"timestamp": "2025-11-06T18:05:31.083303+00:00", "level": "INFO", "message": "cache_folder_empty", "context": {"folder": "Travel/Flights/Air Asia"}}
{"timestamp": "2025-11-06T18:05:31.087608+00:00", "level": "INFO", "message": "cache_folder_start", "context": {"folder": "Travel/Ground Transport/Trainsplit.com"}}
{"timestamp": "2025-11-06T18:05:31.405849+00:00", "level": "INFO", "message": "cache_folder_empty", "context": {"folder": "Travel/Ground Transport/Trainsplit.com"}}
{"timestamp": "2025-11-06T18:05:31.409896+00:00", "level": "INFO", "message": "cache_folder_start", "context": {"folder": "Newsletters/Nandos"}}
{"timestamp": "2025-11-06T18:05:31.726274+00:00", "level": "INFO", "message": "cache_folder_empty", "context": {"folder": "Newsletters/Nandos"}}
{"timestamp": "2025-11-06T18:05:31.730436+00:00", "level": "INFO", "message": "cache_folder_start", "context": {"folder": "Notifications/Apple"}}
{"timestamp": "2025-11-06T18:05:32.055552+00:00", "level": "INFO", "message": "cache_folder_empty", "context": {"folder": "Notifications/Apple"}}
{"timestamp": "2025-11-06T18:05:32.059648+00:00", "level": "INFO", "message": "cache_folder_start", "context": {"folder": "Gift Vouchers/Apple"}}
{"timestamp": "2025-11-06T18:05:32.585426+00:00", "level": "INFO", "message": "cache_folder_empty", "context": {"folder": "Gift Vouchers/Apple"}}
{"timestamp": "2025-11-06T18:05:32.589784+00:00", "level": "INFO", "message": "cache_folder_start", "context": {"folder": "Personal/Finance/Trading/Trading212"}}
{"timestamp": "2025-11-06T18:05:32.928539+00:00", "level": "INFO", "message": "cache_folder_empty", "context": {"folder": "Personal/Finance/Trading/Trading212"}}
{"timestamp": "2025-11-06T18:05:32.932560+00:00", "level": "INFO", "message": "cache_folder_start", "context": {"folder": "Newsletters/SoulCycle"}}
{"timestamp": "2025-11-06T18:05:33.270136+00:00", "level": "INFO", "message": "cache_folder_empty", "context": {"folder": "Newsletters/SoulCycle"}}
{"timestamp": "2025-11-06T18:05:33.274396+00:00", "level": "INFO", "message": "cache_folder_start", "context": {"folder": "Travel/Trips/2021 - Malta"}}
{"timestamp": "2025-11-06T18:05:33.651555+00:00", "level": "INFO", "message": "cache_folder_empty", "context": {"folder": "Travel/Trips/2021 - Malta"}}
{"timestamp": "2025-11-06T18:05:33.655912+00:00", "level": "INFO", "message": "cache_folder_start", "context": {"folder": "Newsletters/Setapp"}}
{"timestamp": "2025-11-06T18:05:34.030468+00:00", "level": "INFO", "message": "cache_folder_empty", "context": {"folder": "Newsletters/Setapp"}}
{"timestamp": "2025-11-06T18:05:34.034501+00:00", "level": "INFO", "message": "cache_folder_start", "context": {"folder": "Notifications/Synology"}}
{"timestamp": "2025-11-06T18:05:34.356769+00:00", "level": "INFO", "message": "cache_folder_empty", "context": {"folder": "Notifications/Synology"}}
{"timestamp": "2025-11-06T18:05:34.360616+00:00", "level": "INFO", "message": "cache_folder_start", "context": {"folder": "Newsletters/Box.co.uk"}}
{"timestamp": "2025-11-06T18:05:34.728586+00:00", "level": "INFO", "message": "cache_folder_empty", "context": {"folder": "Newsletters/Box.co.uk"}}
{"timestamp": "2025-11-06T18:05:34.732853+00:00", "level": "INFO", "message": "cache_folder_start", "context": {"folder": "Newsletters/Aegon"}}
{"timestamp": "2025-11-06T18:05:35.117901+00:00", "level": "INFO", "message": "cache_folder_empty", "context": {"folder": "Newsletters/Aegon"}}
{"timestamp": "2025-11-06T18:05:35.122016+00:00", "level": "INFO", "message": "cache_folder_start", "context": {"folder": "21 Cleveland Street/Lodger/Adverts/Spareroom"}}
{"timestamp": "2025-11-06T18:05:35.442897+00:00", "level": "INFO", "message": "cache_folder_empty", "context": {"folder": "21 Cleveland Street/Lodger/Adverts/Spareroom"}}
{"timestamp": "2025-11-06T18:05:35.446951+00:00", "level": "INFO", "message": "cache_folder_start", "context": {"folder": "Newsletters/Prime Video"}}
{"timestamp": "2025-11-06T18:05:35.834572+00:00", "level": "INFO", "message": "cache_folder_empty", "context": {"folder": "Newsletters/Prime Video"}}
{"timestamp": "2025-11-06T18:05:35.838726+00:00", "level": "INFO", "message": "cache_folder_start", "context": {"folder": "21 Cleveland Street/Projects/Resi"}}
{"timestamp": "2025-11-06T18:05:36.165615+00:00", "level": "INFO", "message": "cache_folder_empty", "context": {"folder": "21 Cleveland Street/Projects/Resi"}}
{"timestamp": "2025-11-06T18:05:36.169850+00:00", "level": "INFO", "message": "cache_folder_start", "context": {"folder": "Recipets/HP Instant Ink"}}
{"timestamp": "2025-11-06T18:05:36.489210+00:00", "level": "INFO", "message": "cache_folder_empty", "context": {"folder": "Recipets/HP Instant Ink"}}
{"timestamp": "2025-11-06T18:05:36.493474+00:00", "level": "INFO", "message": "cache_folder_start", "context": {"folder": "Fitness/sosathleticexcellence.com"}}
{"timestamp": "2025-11-06T18:05:36.823588+00:00", "level": "INFO", "message": "cache_folder_empty", "context": {"folder": "Fitness/sosathleticexcellence.com"}}
{"timestamp": "2025-11-06T18:05:36.827840+00:00", "level": "INFO", "message": "cache_folder_start", "context": {"folder": "21 Cleveland Street"}}
{"timestamp": "2025-11-06T18:05:37.147042+00:00", "level": "INFO", "message": "cache_folder_empty", "context": {"folder": "21 Cleveland Street"}}
{"timestamp": "2025-11-06T18:05:37.151463+00:00", "level": "INFO", "message": "cache_folder_start", "context": {"folder": "Travel/Ground Transport/Amtrak"}}
{"timestamp": "2025-11-06T18:05:37.479876+00:00", "level": "INFO", "message": "cache_folder_empty", "context": {"folder": "Travel/Ground Transport/Amtrak"}}
{"timestamp": "2025-11-06T18:05:37.484106+00:00", "level": "INFO", "message": "cache_folder_start", "context": {"folder": "Newsletters/Rockfish"}}
{"timestamp": "2025-11-06T18:05:37.812502+00:00", "level": "INFO", "message": "cache_folder_empty", "context": {"folder": "Newsletters/Rockfish"}}
{"timestamp": "2025-11-06T18:05:37.816829+00:00", "level": "INFO", "message": "cache_folder_start", "context": {"folder": "Archive"}}
{"timestamp": "2025-11-06T18:05:38.141190+00:00", "level": "INFO", "message": "cache_folder_empty", "context": {"folder": "Archive"}}
{"timestamp": "2025-11-06T18:05:38.145282+00:00", "level": "INFO", "message": "cache_folder_start", "context": {"folder": "Server/NZB/sickrage"}}
{"timestamp": "2025-11-06T18:05:38.540526+00:00", "level": "INFO", "message": "cache_folder_empty", "context": {"folder": "Server/NZB/sickrage"}}
{"timestamp": "2025-11-06T18:05:38.545692+00:00", "level": "INFO", "message": "cache_folder_start", "context": {"folder": "Feedback/British Gas"}}
{"timestamp": "2025-11-06T18:05:38.867661+00:00", "level": "INFO", "message": "cache_folder_empty", "context": {"folder": "Feedback/British Gas"}}
{"timestamp": "2025-11-06T18:05:38.872059+00:00", "level": "INFO", "message": "cache_folder_start", "context": {"folder": "Newsletters/Hopper"}}
{"timestamp": "2025-11-06T18:05:39.285107+00:00", "level": "INFO", "message": "cache_folder_empty", "context": {"folder": "Newsletters/Hopper"}}
{"timestamp": "2025-11-06T18:05:39.289392+00:00", "level": "INFO", "message": "cache_folder_start", "context": {"folder": "Newsletters/e-support"}}
{"timestamp": "2025-11-06T18:05:39.608696+00:00", "level": "INFO", "message": "cache_folder_empty", "context": {"folder": "Newsletters/e-support"}}
{"timestamp": "2025-11-06T18:05:39.612756+00:00", "level": "INFO", "message": "cache_folder_start", "context": {"folder": "Newsletters/American Express"}}
{"timestamp": "2025-11-06T18:05:39.930099+00:00", "level": "INFO", "message": "cache_folder_empty", "context": {"folder": "Newsletters/American Express"}}
{"timestamp": "2025-11-06T18:05:39.934321+00:00", "level": "INFO", "message": "cache_folder_start", "context": {"folder": "Server/Outrigger"}}
{"timestamp": "2025-11-06T18:05:40.282977+00:00", "level": "INFO", "message": "cache_folder_empty", "context": {"folder": "Server/Outrigger"}}
{"timestamp": "2025-11-06T18:05:40.287885+00:00", "level": "INFO", "message": "cache_folder_start", "context": {"folder": "Personal/Finance/Investing/Coinbase"}}
{"timestamp": "2025-11-06T18:05:40.612453+00:00", "level": "INFO", "message": "cache_folder_empty", "context": {"folder": "Personal/Finance/Investing/Coinbase"}}
{"timestamp": "2025-11-06T18:05:40.616483+00:00", "level": "INFO", "message": "cache_folder_start", "context": {"folder": "Newsletters/Airofit"}}
{"timestamp": "2025-11-06T18:05:40.953646+00:00", "level": "INFO", "message": "cache_folder_empty", "context": {"folder": "Newsletters/Airofit"}}
{"timestamp": "2025-11-06T18:05:40.957877+00:00", "level": "INFO", "message": "cache_folder_start", "context": {"folder": "Server/Invoices"}}
{"timestamp": "2025-11-06T18:05:41.336221+00:00", "level": "INFO", "message": "cache_folder_empty", "context": {"folder": "Server/Invoices"}}
{"timestamp": "2025-11-06T18:05:41.340722+00:00", "level": "INFO", "message": "cache_folder_start", "context": {"folder": "Newsletters/Radisson Rewards"}}
{"timestamp": "2025-11-06T18:05:41.659028+00:00", "level": "INFO", "message": "cache_folder_empty", "context": {"folder": "Newsletters/Radisson Rewards"}}
{"timestamp": "2025-11-06T18:05:41.663211+00:00", "level": "INFO", "message": "cache_folder_start", "context": {"folder": "Newsletters/UPS"}}
{"timestamp": "2025-11-06T18:05:42.077191+00:00", "level": "INFO", "message": "cache_folder_empty", "context": {"folder": "Newsletters/UPS"}}
{"timestamp": "2025-11-06T18:05:42.081253+00:00", "level": "INFO", "message": "cache_folder_start", "context": {"folder": "Software Keys"}}
{"timestamp": "2025-11-06T18:05:42.397007+00:00", "level": "INFO", "message": "cache_folder_empty", "context": {"folder": "Software Keys"}}
{"timestamp": "2025-11-06T18:05:42.401339+00:00", "level": "INFO", "message": "cache_folder_start", "context": {"folder": "Newsletters/AliExpress"}}
{"timestamp": "2025-11-06T18:05:42.739641+00:00", "level": "INFO", "message": "cache_folder_empty", "context": {"folder": "Newsletters/AliExpress"}}
{"timestamp": "2025-11-06T18:05:42.744521+00:00", "level": "INFO", "message": "cache_folder_start", "context": {"folder": "Travel/Flights/Wizz Air"}}
{"timestamp": "2025-11-06T18:05:43.065792+00:00", "level": "INFO", "message": "cache_folder_empty", "context": {"folder": "Travel/Flights/Wizz Air"}}
{"timestamp": "2025-11-06T18:05:43.070148+00:00", "level": "INFO", "message": "cache_folder_start", "context": {"folder": "Gift Vouchers/Costa"}}
{"timestamp": "2025-11-06T18:05:43.523237+00:00", "level": "INFO", "message": "cache_folder_empty", "context": {"folder": "Gift Vouchers/Costa"}}
{"timestamp": "2025-11-06T18:05:43.527522+00:00", "level": "INFO", "message": "cache_folder_start", "context": {"folder": "Newsletters/Amazon"}}
{"timestamp": "2025-11-06T18:05:43.846332+00:00", "level": "INFO", "message": "cache_folder_empty", "context": {"folder": "Newsletters/Amazon"}}
{"timestamp": "2025-11-06T18:05:43.850856+00:00", "level": "INFO", "message": "cache_folder_start", "context": {"folder": "Newsletters/BA Executive Club"}}
{"timestamp": "2025-11-06T18:05:44.217396+00:00", "level": "INFO", "message": "cache_folder_empty", "context": {"folder": "Newsletters/BA Executive Club"}}
{"timestamp": "2025-11-06T18:05:44.221699+00:00", "level": "INFO", "message": "cache_folder_start", "context": {"folder": "Newsletters/NetImpact"}}
{"timestamp": "2025-11-06T18:05:44.538532+00:00", "level": "INFO", "message": "cache_folder_empty", "context": {"folder": "Newsletters/NetImpact"}}
{"timestamp": "2025-11-06T18:05:44.542601+00:00", "level": "INFO", "message": "cache_folder_start", "context": {"folder": "Newsletters/John Lewis"}}
{"timestamp": "2025-11-06T18:05:44.856043+00:00", "level": "INFO", "message": "cache_folder_empty", "context": {"folder": "Newsletters/John Lewis"}}
{"timestamp": "2025-11-06T18:05:44.860320+00:00", "level": "INFO", "message": "cache_folder_start", "context": {"folder": "Newsletters/Wikipedia"}}
{"timestamp": "2025-11-06T18:05:45.240328+00:00", "level": "INFO", "message": "cache_folder_empty", "context": {"folder": "Newsletters/Wikipedia"}}
{"timestamp": "2025-11-06T18:05:45.244424+00:00", "level": "INFO", "message": "cache_folder_start", "context": {"folder": "Newsletters/Dominos"}}
{"timestamp": "2025-11-06T18:05:45.563899+00:00", "level": "INFO", "message": "cache_folder_empty", "context": {"folder": "Newsletters/Dominos"}}
{"timestamp": "2025-11-06T18:05:45.568051+00:00", "level": "INFO", "message": "cache_folder_start", "context": {"folder": "Personal/Banking/Nationwide"}}
{"timestamp": "2025-11-06T18:05:45.940772+00:00", "level": "INFO", "message": "cache_folder_empty", "context": {"folder": "Personal/Banking/Nationwide"}}
{"timestamp": "2025-11-06T18:05:45.945084+00:00", "level": "INFO", "message": "cache_folder_start", "context": {"folder": "Gift Vouchers/Argos"}}
{"timestamp": "2025-11-06T18:05:46.404937+00:00", "level": "INFO", "message": "cache_folder_empty", "context": {"folder": "Gift Vouchers/Argos"}}
{"timestamp": "2025-11-06T18:05:46.409316+00:00", "level": "INFO", "message": "cache_folder_start", "context": {"folder": "Recipets/Waterstones"}}
{"timestamp": "2025-11-06T18:05:46.786560+00:00", "level": "INFO", "message": "cache_folder_empty", "context": {"folder": "Recipets/Waterstones"}}
{"timestamp": "2025-11-06T18:05:46.790934+00:00", "level": "INFO", "message": "cache_folder_start", "context": {"folder": "Memberships/Gosforth Handyman"}}
{"timestamp": "2025-11-06T18:05:47.113825+00:00", "level": "INFO", "message": "cache_folder_empty", "context": {"folder": "Memberships/Gosforth Handyman"}}
{"timestamp": "2025-11-06T18:05:47.117833+00:00", "level": "INFO", "message": "cache_folder_start", "context": {"folder": "Personal/Banking/Starling"}}
{"timestamp": "2025-11-06T18:05:47.481654+00:00", "level": "INFO", "message": "cache_folder_empty", "context": {"folder": "Personal/Banking/Starling"}}
{"timestamp": "2025-11-06T18:05:47.486964+00:00", "level": "INFO", "message": "cache_folder_start", "context": {"folder": "Recipets/Soulcycle"}}
{"timestamp": "2025-11-06T18:05:48.096307+00:00", "level": "INFO", "message": "cache_folder_empty", "context": {"folder": "Recipets/Soulcycle"}}
{"timestamp": "2025-11-06T18:05:48.100637+00:00", "level": "INFO", "message": "cache_folder_start", "context": {"folder": "Newsletters/Terminus"}}
{"timestamp": "2025-11-06T18:05:48.414374+00:00", "level": "INFO", "message": "cache_folder_empty", "context": {"folder": "Newsletters/Terminus"}}
{"timestamp": "2025-11-06T18:05:48.418399+00:00", "level": "INFO", "message": "cache_folder_start", "context": {"folder": "Newsletters/Oliver Bonas"}}
{"timestamp": "2025-11-06T18:05:48.742426+00:00", "level": "INFO", "message": "cache_folder_empty", "context": {"folder": "Newsletters/Oliver Bonas"}}
{"timestamp": "2025-11-06T18:05:48.746487+00:00", "level": "INFO", "message": "cache_folder_start", "context": {"folder": "Jobs/Current/Met Office"}}
{"timestamp": "2025-11-06T18:05:49.067748+00:00", "level": "INFO", "message": "cache_folder_empty", "context": {"folder": "Jobs/Current/Met Office"}}
{"timestamp": "2025-11-06T18:05:49.072043+00:00", "level": "INFO", "message": "cache_folder_start", "context": {"folder": "Newsletters/National Portrait Gallery"}}
{"timestamp": "2025-11-06T18:05:49.435369+00:00", "level": "INFO", "message": "cache_folder_empty", "context": {"folder": "Newsletters/National Portrait Gallery"}}
{"timestamp": "2025-11-06T18:05:49.439458+00:00", "level": "INFO", "message": "cache_folder_start", "context": {"folder": "Property/Purchase"}}
{"timestamp": "2025-11-06T18:05:49.789253+00:00", "level": "INFO", "message": "cache_folder_empty", "context": {"folder": "Property/Purchase"}}
{"timestamp": "2025-11-06T18:05:49.793584+00:00", "level": "INFO", "message": "cache_folder_start", "context": {"folder": "Server/NZB/Eweka"}}
{"timestamp": "2025-11-06T18:05:50.106732+00:00", "level": "INFO", "message": "cache_folder_empty", "context": {"folder": "Server/NZB/Eweka"}}
{"timestamp": "2025-11-06T18:05:50.110809+00:00", "level": "INFO", "message": "cache_folder_start", "context": {"folder": "Events/2021 Dec - Duck"}}
{"timestamp": "2025-11-06T18:05:50.479424+00:00", "level": "INFO", "message": "cache_folder_empty", "context": {"folder": "Events/2021 Dec - Duck"}}
{"timestamp": "2025-11-06T18:05:50.483521+00:00", "level": "INFO", "message": "cache_folder_start", "context": {"folder": "Newsletters/Starbucks"}}
{"timestamp": "2025-11-06T18:05:50.801534+00:00", "level": "INFO", "message": "cache_folder_empty", "context": {"folder": "Newsletters/Starbucks"}}
{"timestamp": "2025-11-06T18:05:50.805896+00:00", "level": "INFO", "message": "cache_folder_start", "context": {"folder": "Newsletters/The Mortgage Brain"}}
{"timestamp": "2025-11-06T18:05:51.183689+00:00", "level": "INFO", "message": "cache_folder_empty", "context": {"folder": "Newsletters/The Mortgage Brain"}}
{"timestamp": "2025-11-06T18:05:51.187548+00:00", "level": "INFO", "message": "cache_folder_start", "context": {"folder": "Newsletters/Hostelworld"}}
{"timestamp": "2025-11-06T18:05:51.629861+00:00", "level": "INFO", "message": "cache_folder_empty", "context": {"folder": "Newsletters/Hostelworld"}}
{"timestamp": "2025-11-06T18:05:51.634112+00:00", "level": "INFO", "message": "cache_folder_start", "context": {"folder": "Newsletters/Athletic Perks"}}
{"timestamp": "2025-11-06T18:05:52.053509+00:00", "level": "INFO", "message": "cache_folder_empty", "context": {"folder": "Newsletters/Athletic Perks"}}
{"timestamp": "2025-11-06T18:05:52.057565+00:00", "level": "INFO", "message": "cache_folder_start", "context": {"folder": "Newsletters/Blue Lagoon"}}
{"timestamp": "2025-11-06T18:05:52.379585+00:00", "level": "INFO", "message": "cache_folder_empty", "context": {"folder": "Newsletters/Blue Lagoon"}}
{"timestamp": "2025-11-06T18:05:52.383799+00:00", "level": "INFO", "message": "cache_folder_start", "context": {"folder": "Newsletters/Nintendo"}}
{"timestamp": "2025-11-06T18:05:52.713610+00:00", "level": "INFO", "message": "cache_folder_empty", "context": {"folder": "Newsletters/Nintendo"}}
{"timestamp": "2025-11-06T18:05:52.719273+00:00", "level": "INFO", "message": "cache_folder_start", "context": {"folder": "Notifications/WeBuyAnyPhone"}}
{"timestamp": "2025-11-06T18:05:53.034610+00:00", "level": "INFO", "message": "cache_folder_empty", "context": {"folder": "Notifications/WeBuyAnyPhone"}}
{"timestamp": "2025-11-06T18:05:53.038837+00:00", "level": "INFO", "message": "cache_folder_start", "context": {"folder": "Newsletters/Latoken"}}
{"timestamp": "2025-11-06T18:05:53.362968+00:00", "level": "INFO", "message": "cache_folder_empty", "context": {"folder": "Newsletters/Latoken"}}
{"timestamp": "2025-11-06T18:05:53.367220+00:00", "level": "INFO", "message": "cache_folder_start", "context": {"folder": "Newsletters/LifePoints Panel"}}
{"timestamp": "2025-11-06T18:05:53.688616+00:00", "level": "INFO", "message": "cache_folder_empty", "context": {"folder": "Newsletters/LifePoints Panel"}}
{"timestamp": "2025-11-06T18:05:53.692566+00:00", "level": "INFO", "message": "cache_folder_start", "context": {"folder": "Newsletters/Grand Central Terminal"}}
{"timestamp": "2025-11-06T18:05:54.124498+00:00", "level": "INFO", "message": "cache_folder_empty", "context": {"folder": "Newsletters/Grand Central Terminal"}}
{"timestamp": "2025-11-06T18:05:54.128770+00:00", "level": "INFO", "message": "cache_folder_start", "context": {"folder": "Newsletters/Trainline"}}
{"timestamp": "2025-11-06T18:05:54.452727+00:00", "level": "INFO", "message": "cache_folder_empty", "context": {"folder": "Newsletters/Trainline"}}
{"timestamp": "2025-11-06T18:05:54.457894+00:00", "level": "INFO", "message": "cache_folder_start", "context": {"folder": "Notifications/Facebook"}}
{"timestamp": "2025-11-06T18:05:54.775678+00:00", "level": "INFO", "message": "cache_folder_empty", "context": {"folder": "Notifications/Facebook"}}
{"timestamp": "2025-11-06T18:05:54.779908+00:00", "level": "INFO", "message": "cache_folder_start", "context": {"folder": "Newsletters/Avanti"}}
{"timestamp": "2025-11-06T18:05:55.126013+00:00", "level": "INFO", "message": "cache_folder_empty", "context": {"folder": "Newsletters/Avanti"}}
{"timestamp": "2025-11-06T18:05:55.130227+00:00", "level": "INFO", "message": "cache_folder_start", "context": {"folder": "Recipets/John Lewis"}}
{"timestamp": "2025-11-06T18:05:55.440029+00:00", "level": "INFO", "message": "cache_folder_empty", "context": {"folder": "Recipets/John Lewis"}}
{"timestamp": "2025-11-06T18:05:55.444101+00:00", "level": "INFO", "message": "cache_folder_start", "context": {"folder": "Training/Momentum"}}
{"timestamp": "2025-11-06T18:05:55.851739+00:00", "level": "INFO", "message": "cache_folder_empty", "context": {"folder": "Training/Momentum"}}
{"timestamp": "2025-11-06T18:05:55.855803+00:00", "level": "INFO", "message": "cache_folder_start", "context": {"folder": "Recipets/Freeprints"}}
{"timestamp": "2025-11-06T18:05:56.218584+00:00", "level": "INFO", "message": "cache_folder_empty", "context": {"folder": "Recipets/Freeprints"}}
{"timestamp": "2025-11-06T18:05:56.223769+00:00", "level": "INFO", "message": "cache_folder_start", "context": {"folder": "Newsletters/Cote"}}
{"timestamp": "2025-11-06T18:05:56.547319+00:00", "level": "INFO", "message": "cache_folder_empty", "context": {"folder": "Newsletters/Cote"}}
{"timestamp": "2025-11-06T18:05:56.551559+00:00", "level": "INFO", "message": "cache_folder_start", "context": {"folder": "Personal/Finance/Investing"}}
{"timestamp": "2025-11-06T18:05:56.869690+00:00", "level": "INFO", "message": "cache_folder_empty", "context": {"folder": "Personal/Finance/Investing"}}
{"timestamp": "2025-11-06T18:05:56.873921+00:00", "level": "INFO", "message": "cache_folder_start", "context": {"folder": "Travel/Acomodation/Marriot"}}
{"timestamp": "2025-11-06T18:05:57.187756+00:00", "level": "INFO", "message": "cache_folder_empty", "context": {"folder": "Travel/Acomodation/Marriot"}}
{"timestamp": "2025-11-06T18:05:57.191921+00:00", "level": "INFO", "message": "cache_folder_start", "context": {"folder": "Newsletters/Student Discount/Unidays"}}
{"timestamp": "2025-11-06T18:05:57.508133+00:00", "level": "INFO", "message": "cache_folder_empty", "context": {"folder": "Newsletters/Student Discount/Unidays"}}
{"timestamp": "2025-11-06T18:05:57.512372+00:00", "level": "INFO", "message": "cache_folder_start", "context": {"folder": "Test"}}
{"timestamp": "2025-11-06T18:05:57.893598+00:00", "level": "INFO", "message": "cache_folder_empty", "context": {"folder": "Test"}}
{"timestamp": "2025-11-06T18:05:57.899882+00:00", "level": "INFO", "message": "cache_folder_start", "context": {"folder": "Personal/Finance/Loans/Santander"}}
{"timestamp": "2025-11-06T18:05:58.210759+00:00", "level": "INFO", "message": "cache_folder_empty", "context": {"folder": "Personal/Finance/Loans/Santander"}}
{"timestamp": "2025-11-06T18:05:58.214939+00:00", "level": "INFO", "message": "cache_folder_start", "context": {"folder": "Server/Domains/Nominet"}}
{"timestamp": "2025-11-06T18:05:58.581966+00:00", "level": "INFO", "message": "cache_folder_empty", "context": {"folder": "Server/Domains/Nominet"}}
{"timestamp": "2025-11-06T18:05:58.586165+00:00", "level": "INFO", "message": "cache_folder_start", "context": {"folder": "Newsletters/Landini's Pizzeria"}}
{"timestamp": "2025-11-06T18:05:59.112051+00:00", "level": "INFO", "message": "cache_folder_empty", "context": {"folder": "Newsletters/Landini's Pizzeria"}}
{"timestamp": "2025-11-06T18:05:59.116154+00:00", "level": "INFO", "message": "cache_folder_start", "context": {"folder": "Newsletters/Subway"}}
{"timestamp": "2025-11-06T18:05:59.500096+00:00", "level": "INFO", "message": "cache_folder_empty", "context": {"folder": "Newsletters/Subway"}}
{"timestamp": "2025-11-06T18:05:59.504331+00:00", "level": "INFO", "message": "cache_folder_start", "context": {"folder": "Notifications/OF"}}
{"timestamp": "2025-11-06T18:05:59.827307+00:00", "level": "INFO", "message": "cache_folder_empty", "context": {"folder": "Notifications/OF"}}
{"timestamp": "2025-11-06T18:05:59.831550+00:00", "level": "INFO", "message": "cache_folder_start", "context": {"folder": "21 Cleveland Street/Bills/TV License"}}
{"timestamp": "2025-11-06T18:06:00.145338+00:00", "level": "INFO", "message": "cache_folder_empty", "context": {"folder": "21 Cleveland Street/Bills/TV License"}}
{"timestamp": "2025-11-06T18:06:00.149377+00:00", "level": "INFO", "message": "cache_folder_start", "context": {"folder": "Notifications/Ikea"}}
{"timestamp": "2025-11-06T18:06:00.499227+00:00", "level": "INFO", "message": "cache_folder_empty", "context": {"folder": "Notifications/Ikea"}}
{"timestamp": "2025-11-06T18:06:00.503201+00:00", "level": "INFO", "message": "cache_folder_start", "context": {"folder": "Events/07-02-25 Birthday Meal"}}
{"timestamp": "2025-11-06T18:06:00.823312+00:00", "level": "INFO", "message": "cache_folder_empty", "context": {"folder": "Events/07-02-25 Birthday Meal"}}
{"timestamp": "2025-11-06T18:06:00.827658+00:00", "level": "INFO", "message": "cache_folder_start", "context": {"folder": "Newsletters/Chase"}}
{"timestamp": "2025-11-06T18:06:01.142020+00:00", "level": "INFO", "message": "cache_folder_empty", "context": {"folder": "Newsletters/Chase"}}
{"timestamp": "2025-11-06T18:06:01.148331+00:00", "level": "INFO", "message": "cache_folder_start", "context": {"folder": "Newsletters/Results Plan"}}
{"timestamp": "2025-11-06T18:06:01.483745+00:00", "level": "INFO", "message": "cache_folder_empty", "context": {"folder": "Newsletters/Results Plan"}}
{"timestamp": "2025-11-06T18:06:01.489531+00:00", "level": "INFO", "message": "cache_folder_start", "context": {"folder": "Fitness/Domestiq"}}
{"timestamp": "2025-11-06T18:06:01.857129+00:00", "level": "INFO", "message": "cache_folder_empty", "context": {"folder": "Fitness/Domestiq"}}
{"timestamp": "2025-11-06T18:06:01.861229+00:00", "level": "INFO", "message": "cache_folder_start", "context": {"folder": "Gift Vouchers/Ikea"}}
{"timestamp": "2025-11-06T18:06:02.203570+00:00", "level": "INFO", "message": "cache_folder_empty", "context": {"folder": "Gift Vouchers/Ikea"}}
{"timestamp": "2025-11-06T18:06:02.207825+00:00", "level": "INFO", "message": "cache_folder_start", "context": {"folder": "Newsletters/Wren Kitchens"}}
{"timestamp": "2025-11-06T18:06:02.524726+00:00", "level": "INFO", "message": "cache_folder_empty", "context": {"folder": "Newsletters/Wren Kitchens"}}
{"timestamp": "2025-11-06T18:06:02.528738+00:00", "level": "INFO", "message": "cache_folder_start", "context": {"folder": "Newsletters/Virgin/Virgin Red"}}
{"timestamp": "2025-11-06T18:06:02.847029+00:00", "level": "INFO", "message": "cache_folder_empty", "context": {"folder": "Newsletters/Virgin/Virgin Red"}}
{"timestamp": "2025-11-06T18:06:02.851047+00:00", "level": "INFO", "message": "cache_folder_start", "context": {"folder": "Newsletters/Handmade Candle Co"}}
{"timestamp": "2025-11-06T18:06:03.175670+00:00", "level": "INFO", "message": "cache_folder_empty", "context": {"folder": "Newsletters/Handmade Candle Co"}}
{"timestamp": "2025-11-06T18:06:03.181175+00:00", "level": "INFO", "message": "cache_folder_start", "context": {"folder": "Newsletters/dbrand"}}
{"timestamp": "2025-11-06T18:06:03.525500+00:00", "level": "INFO", "message": "cache_folder_empty", "context": {"folder": "Newsletters/dbrand"}}
{"timestamp": "2025-11-06T18:06:03.529681+00:00", "level": "INFO", "message": "cache_folder_start", "context": {"folder": "Travel/Trips/2024 - Cyprus"}}
{"timestamp": "2025-11-06T18:06:03.931737+00:00", "level": "INFO", "message": "cache_folder_empty", "context": {"folder": "Travel/Trips/2024 - Cyprus"}}
{"timestamp": "2025-11-06T18:06:03.935921+00:00", "level": "INFO", "message": "cache_folder_start", "context": {"folder": "Travel/Travel Loyalty/BA Executive Club"}}
{"timestamp": "2025-11-06T18:06:04.721138+00:00", "level": "INFO", "message": "cache_folder_empty", "context": {"folder": "Travel/Travel Loyalty/BA Executive Club"}}
{"timestamp": "2025-11-06T18:06:04.725142+00:00", "level": "INFO", "message": "cache_folder_start", "context": {"folder": "Newsletters/Too Good To Go"}}
{"timestamp": "2025-11-06T18:06:05.060940+00:00", "level": "INFO", "message": "cache_folder_empty", "context": {"folder": "Newsletters/Too Good To Go"}}
{"timestamp": "2025-11-06T18:06:05.065007+00:00", "level": "INFO", "message": "cache_folder_start", "context": {"folder": "Newsletters/Pho"}}
{"timestamp": "2025-11-06T18:06:05.401046+00:00", "level": "INFO", "message": "cache_folder_empty", "context": {"folder": "Newsletters/Pho"}}
{"timestamp": "2025-11-06T18:06:05.405081+00:00", "level": "INFO", "message": "cache_folder_start", "context": {"folder": "Newsletters/Priority Pass"}}
{"timestamp": "2025-11-06T18:06:05.736372+00:00", "level": "INFO", "message": "cache_folder_empty", "context": {"folder": "Newsletters/Priority Pass"}}
{"timestamp": "2025-11-06T18:06:05.740402+00:00", "level": "INFO", "message": "cache_folder_start", "context": {"folder": "Newsletters/Google"}}
{"timestamp": "2025-11-06T18:06:06.060854+00:00", "level": "INFO", "message": "cache_folder_empty", "context": {"folder": "Newsletters/Google"}}
{"timestamp": "2025-11-06T18:06:06.065127+00:00", "level": "INFO", "message": "cache_folder_start", "context": {"folder": "Socials/Linkedin"}}
{"timestamp": "2025-11-06T18:06:06.426211+00:00", "level": "INFO", "message": "cache_folder_empty", "context": {"folder": "Socials/Linkedin"}}
{"timestamp": "2025-11-06T18:06:06.430458+00:00", "level": "INFO", "message": "cache_folder_start", "context": {"folder": "Recipets/Raindrop"}}
{"timestamp": "2025-11-06T18:06:06.798244+00:00", "level": "INFO", "message": "cache_folder_empty", "context": {"folder": "Recipets/Raindrop"}}
{"timestamp": "2025-11-06T18:06:06.803262+00:00", "level": "INFO", "message": "cache_folder_start", "context": {"folder": "Personal/Finance/Investing/Chip"}}
{"timestamp": "2025-11-06T18:06:07.124999+00:00", "level": "INFO", "message": "cache_folder_empty", "context": {"folder": "Personal/Finance/Investing/Chip"}}
{"timestamp": "2025-11-06T18:06:07.129381+00:00", "level": "INFO", "message": "cache_folder_start", "context": {"folder": "Notifications/Dashlane"}}
{"timestamp": "2025-11-06T18:06:07.498342+00:00", "level": "INFO", "message": "cache_folder_empty", "context": {"folder": "Notifications/Dashlane"}}
{"timestamp": "2025-11-06T18:06:07.502724+00:00", "level": "INFO", "message": "cache_folder_start", "context": {"folder": "Server/BlockNews"}}
{"timestamp": "2025-11-06T18:06:07.850241+00:00", "level": "INFO", "message": "cache_folder_empty", "context": {"folder": "Server/BlockNews"}}
{"timestamp": "2025-11-06T18:06:07.854406+00:00", "level": "INFO", "message": "cache_folder_start", "context": {"folder": "Newsletters/ITS"}}
{"timestamp": "2025-11-06T18:06:08.169933+00:00", "level": "INFO", "message": "cache_folder_empty", "context": {"folder": "Newsletters/ITS"}}
{"timestamp": "2025-11-06T18:06:08.173709+00:00", "level": "INFO", "message": "cache_folder_start", "context": {"folder": "Personal/Finance/Loans/Updraft"}}
{"timestamp": "2025-11-06T18:06:08.488420+00:00", "level": "INFO", "message": "cache_folder_empty", "context": {"folder": "Personal/Finance/Loans/Updraft"}}
{"timestamp": "2025-11-06T18:06:08.492427+00:00", "level": "INFO", "message": "cache_folder_start", "context": {"folder": "Newsletters/Buddyboost"}}
{"timestamp": "2025-11-06T18:06:08.872878+00:00", "level": "INFO", "message": "cache_folder_empty", "context": {"folder": "Newsletters/Buddyboost"}}
{"timestamp": "2025-11-06T18:06:08.876812+00:00", "level": "INFO", "message": "cache_folder_start", "context": {"folder": "Newsletters/Blue Bay Travel"}}
{"timestamp": "2025-11-06T18:06:09.218803+00:00", "level": "INFO", "message": "cache_folder_empty", "context": {"folder": "Newsletters/Blue Bay Travel"}}
{"timestamp": "2025-11-06T18:06:09.223228+00:00", "level": "INFO", "message": "cache_folder_start", "context": {"folder": "Newsletters/Jacks Flight Club"}}
{"timestamp": "2025-11-06T18:06:09.542069+00:00", "level": "INFO", "message": "cache_folder_empty", "context": {"folder": "Newsletters/Jacks Flight Club"}}
{"timestamp": "2025-11-06T18:06:09.546128+00:00", "level": "INFO", "message": "cache_folder_start", "context": {"folder": "Newsletters/Cancer Research"}}
{"timestamp": "2025-11-06T18:06:09.909547+00:00", "level": "INFO", "message": "cache_folder_empty", "context": {"folder": "Newsletters/Cancer Research"}}
{"timestamp": "2025-11-06T18:06:09.913580+00:00", "level": "INFO", "message": "cache_folder_start", "context": {"folder": "Newsletters/Spartan Race"}}
{"timestamp": "2025-11-06T18:06:10.263261+00:00", "level": "INFO", "message": "cache_folder_empty", "context": {"folder": "Newsletters/Spartan Race"}}
{"timestamp": "2025-11-06T18:06:10.267465+00:00", "level": "INFO", "message": "cache_folder_start", "context": {"folder": "Newsletters/Plan to Eat"}}
{"timestamp": "2025-11-06T18:06:10.582278+00:00", "level": "INFO", "message": "cache_folder_empty", "context": {"folder": "Newsletters/Plan to Eat"}}
{"timestamp": "2025-11-06T18:06:10.586616+00:00", "level": "INFO", "message": "cache_folder_start", "context": {"folder": "Recipets/Boston Tea Party"}}
{"timestamp": "2025-11-06T18:06:10.898742+00:00", "level": "INFO", "message": "cache_folder_empty", "context": {"folder": "Recipets/Boston Tea Party"}}
{"timestamp": "2025-11-06T18:06:10.902846+00:00", "level": "INFO", "message": "cache_folder_start", "context": {"folder": "Newsletters/No1 Lounges"}}
{"timestamp": "2025-11-06T18:06:11.220183+00:00", "level": "INFO", "message": "cache_folder_empty", "context": {"folder": "Newsletters/No1 Lounges"}}
{"timestamp": "2025-11-06T18:06:11.224466+00:00", "level": "INFO", "message": "cache_folder_start", "context": {"folder": "Newsletters/B and Q"}}
{"timestamp": "2025-11-06T18:06:11.571544+00:00", "level": "INFO", "message": "cache_folder_empty", "context": {"folder": "Newsletters/B and Q"}}
{"timestamp": "2025-11-06T18:06:11.575615+00:00", "level": "INFO", "message": "cache_folder_start", "context": {"folder": "Newsletters/The Brunswick"}}
{"timestamp": "2025-11-06T18:06:11.906944+00:00", "level": "INFO", "message": "cache_folder_empty", "context": {"folder": "Newsletters/The Brunswick"}}
{"timestamp": "2025-11-06T18:06:11.912054+00:00", "level": "INFO", "message": "cache_folder_start", "context": {"folder": "Recipets/Holister"}}
{"timestamp": "2025-11-06T18:06:12.436921+00:00", "level": "INFO", "message": "cache_folder_empty", "context": {"folder": "Recipets/Holister"}}
{"timestamp": "2025-11-06T18:06:12.440998+00:00", "level": "INFO", "message": "cache_folder_start", "context": {"folder": "Friends"}}
{"timestamp": "2025-11-06T18:06:12.766787+00:00", "level": "INFO", "message": "cache_folder_empty", "context": {"folder": "Friends"}}
{"timestamp": "2025-11-06T18:06:12.771074+00:00", "level": "INFO", "message": "cache_folder_start", "context": {"folder": "Fitness/Parkrun"}}
{"timestamp": "2025-11-06T18:06:13.088917+00:00", "level": "INFO", "message": "cache_folder_empty", "context": {"folder": "Fitness/Parkrun"}}
{"timestamp": "2025-11-06T18:06:13.093251+00:00", "level": "INFO", "message": "cache_folder_start", "context": {"folder": "Newsletters/Etsy"}}
{"timestamp": "2025-11-06T18:06:13.417289+00:00", "level": "INFO", "message": "cache_folder_empty", "context": {"folder": "Newsletters/Etsy"}}
{"timestamp": "2025-11-06T18:06:13.421225+00:00", "level": "INFO", "message": "cache_folder_start", "context": {"folder": "Notifications/Bloom and Wild"}}
{"timestamp": "2025-11-06T18:06:13.750772+00:00", "level": "INFO", "message": "cache_folder_empty", "context": {"folder": "Notifications/Bloom and Wild"}}
{"timestamp": "2025-11-06T18:06:13.754923+00:00", "level": "INFO", "message": "cache_folder_start", "context": {"folder": "Notifications/Apple/iCloud"}}
{"timestamp": "2025-11-06T18:06:14.075811+00:00", "level": "INFO", "message": "cache_folder_empty", "context": {"folder": "Notifications/Apple/iCloud"}}
{"timestamp": "2025-11-06T18:06:14.079978+00:00", "level": "INFO", "message": "cache_folder_start", "context": {"folder": "Newsletters/Zoopla"}}
{"timestamp": "2025-11-06T18:06:14.429509+00:00", "level": "INFO", "message": "cache_folder_empty", "context": {"folder": "Newsletters/Zoopla"}}
{"timestamp": "2025-11-06T18:06:14.433579+00:00", "level": "INFO", "message": "cache_folder_start", "context": {"folder": "Newsletters/Blue Islands"}}
{"timestamp": "2025-11-06T18:06:14.766593+00:00", "level": "INFO", "message": "cache_folder_empty", "context": {"folder": "Newsletters/Blue Islands"}}
{"timestamp": "2025-11-06T18:06:14.770630+00:00", "level": "INFO", "message": "cache_folder_start", "context": {"folder": "Newsletters/Nude"}}
{"timestamp": "2025-11-06T18:06:15.595883+00:00", "level": "INFO", "message": "cache_folder_empty", "context": {"folder": "Newsletters/Nude"}}
{"timestamp": "2025-11-06T18:06:15.600672+00:00", "level": "INFO", "message": "cache_folder_start", "context": {"folder": "Personal/Finance/Store Credit/Paypal"}}
{"timestamp": "2025-11-06T18:06:15.940522+00:00", "level": "INFO", "message": "cache_folder_empty", "context": {"folder": "Personal/Finance/Store Credit/Paypal"}}
{"timestamp": "2025-11-06T18:06:15.944614+00:00", "level": "INFO", "message": "cache_folder_start", "context": {"folder": "Notifications/Deliveroo"}}
{"timestamp": "2025-11-06T18:06:16.414492+00:00", "level": "INFO", "message": "cache_folder_empty", "context": {"folder": "Notifications/Deliveroo"}}
{"timestamp": "2025-11-06T18:06:16.418775+00:00", "level": "INFO", "message": "cache_folder_start", "context": {"folder": "Newsletters/Air France"}}
{"timestamp": "2025-11-06T18:06:16.747062+00:00", "level": "INFO", "message": "cache_folder_empty", "context": {"folder": "Newsletters/Air France"}}
{"timestamp": "2025-11-06T18:06:16.751372+00:00", "level": "INFO", "message": "cache_folder_start", "context": {"folder": "Memberships/YHA"}}
{"timestamp": "2025-11-06T18:06:17.064785+00:00", "level": "INFO", "message": "cache_folder_empty", "context": {"folder": "Memberships/YHA"}}
{"timestamp": "2025-11-06T18:06:17.068971+00:00", "level": "INFO", "message": "cache_folder_start", "context": {"folder": "Newsletters/Breeze Airways"}}
{"timestamp": "2025-11-06T18:06:17.403048+00:00", "level": "INFO", "message": "cache_folder_empty", "context": {"folder": "Newsletters/Breeze Airways"}}
{"timestamp": "2025-11-06T18:06:17.408828+00:00", "level": "INFO", "message": "cache_folder_start", "context": {"folder": "Sorted"}}
{"timestamp": "2025-11-06T18:06:17.777859+00:00", "level": "INFO", "message": "cache_folder_empty", "context": {"folder": "Sorted"}}
{"timestamp": "2025-11-06T18:06:17.781816+00:00", "level": "INFO", "message": "cache_folder_start", "context": {"folder": "Sent Messages"}}
{"timestamp": "2025-11-06T18:06:18.137589+00:00", "level": "INFO", "message": "cache_folder_empty", "context": {"folder": "Sent Messages"}}
{"timestamp": "2025-11-06T18:06:18.141697+00:00", "level": "INFO", "message": "cache_folder_start", "context": {"folder": "Newsletters/Travelodge"}}
{"timestamp": "2025-11-06T18:06:18.469974+00:00", "level": "INFO", "message": "cache_folder_empty", "context": {"folder": "Newsletters/Travelodge"}}
{"timestamp": "2025-11-06T18:06:18.473994+00:00", "level": "INFO", "message": "cache_folder_start", "context": {"folder": "Newsletters/Dyson"}}
{"timestamp": "2025-11-06T18:06:18.857526+00:00", "level": "INFO", "message": "cache_folder_empty", "context": {"folder": "Newsletters/Dyson"}}
{"timestamp": "2025-11-06T18:06:18.861202+00:00", "level": "INFO", "message": "cache_folder_start", "context": {"folder": "Personal/Banking/Curve"}}
{"timestamp": "2025-11-06T18:06:19.194528+00:00", "level": "INFO", "message": "cache_folder_empty", "context": {"folder": "Personal/Banking/Curve"}}
{"timestamp": "2025-11-06T18:06:19.199773+00:00", "level": "INFO", "message": "cache_folder_start", "context": {"folder": "Notifications/Goal Plans"}}
{"timestamp": "2025-11-06T18:06:19.524054+00:00", "level": "INFO", "message": "cache_folder_empty", "context": {"folder": "Notifications/Goal Plans"}}
{"timestamp": "2025-11-06T18:06:19.528003+00:00", "level": "INFO", "message": "cache_folder_start", "context": {"folder": "Travel/Flights/Lufthansa"}}
{"timestamp": "2025-11-06T18:06:19.851466+00:00", "level": "INFO", "message": "cache_folder_empty", "context": {"folder": "Travel/Flights/Lufthansa"}}
{"timestamp": "2025-11-06T18:06:19.855638+00:00", "level": "INFO", "message": "cache_folder_start", "context": {"folder": "Newsletters/FreePrints"}}
{"timestamp": "2025-11-06T18:06:20.305863+00:00", "level": "INFO", "message": "cache_folder_empty", "context": {"folder": "Newsletters/FreePrints"}}
{"timestamp": "2025-11-06T18:06:20.310186+00:00", "level": "INFO", "message": "cache_folder_start", "context": {"folder": "INBOX"}}
